E:\D3DCODE\PHYSICALBASEDRENDERRING\PHYSICALBASEDRENDERRING\DEBUG\CAMERA.OBJ
E:\D3DCode\PhysicalBasedRenderring\PhysicalBasedRenderring\Debug\cl.command.1.tlog
E:\D3DCode\PhysicalBasedRenderring\PhysicalBasedRenderring\Debug\CL.read.1.tlog
E:\D3DCode\PhysicalBasedRenderring\PhysicalBasedRenderring\Debug\CL.write.1.tlog
E:\D3DCode\PhysicalBasedRenderring\PhysicalBasedRenderring\Debug\custombuild.command.1.tlog
E:\D3DCode\PhysicalBasedRenderring\PhysicalBasedRenderring\Debug\custombuild.read.1.tlog
E:\D3DCode\PhysicalBasedRenderring\PhysicalBasedRenderring\Debug\custombuild.write.1.tlog
E:\D3DCODE\PHYSICALBASEDRENDERRING\PHYSICALBASEDRENDERRING\DEBUG\D3DAPP.OBJ
E:\D3DCODE\PHYSICALBASEDRENDERRING\PHYSICALBASEDRENDERRING\DEBUG\D3DPBRAPP.OBJ
E:\D3DCODE\PHYSICALBASEDRENDERRING\PHYSICALBASEDRENDERRING\DEBUG\D3DRENDERLAYER.OBJ
E:\D3DCODE\PHYSICALBASEDRENDERRING\PHYSICALBASEDRENDERRING\DEBUG\D3DUTIL.OBJ
E:\D3DCODE\PHYSICALBASEDRENDERRING\PHYSICALBASEDRENDERRING\DEBUG\EFFECTS.OBJ
E:\D3DCODE\PHYSICALBASEDRENDERRING\PHYSICALBASEDRENDERRING\DEBUG\GAMETIMER.OBJ
E:\D3DCODE\PHYSICALBASEDRENDERRING\PHYSICALBASEDRENDERRING\DEBUG\GEOMETRYGENERATOR.OBJ
E:\D3DCODE\PHYSICALBASEDRENDERRING\PHYSICALBASEDRENDERRING\DEBUG\IBUFFER.OBJ
E:\D3DCODE\PHYSICALBASEDRENDERRING\PHYSICALBASEDRENDERRING\DEBUG\IRENDERLAYERINTERFACE.OBJ
E:\D3DCODE\PHYSICALBASEDRENDERRING\PHYSICALBASEDRENDERRING\DEBUG\ITEXTURE.OBJ
E:\D3DCODE\PHYSICALBASEDRENDERRING\PHYSICALBASEDRENDERRING\DEBUG\LIGHTHELPER.OBJ
E:\D3DCODE\PHYSICALBASEDRENDERRING\PHYSICALBASEDRENDERRING\DEBUG\MATHHELPER.OBJ
E:\D3DCODE\PHYSICALBASEDRENDERRING\PHYSICALBASEDRENDERRING\DEBUG\PBOBJECT.OBJ
E:\D3DCODE\PHYSICALBASEDRENDERRING\PHYSICALBASEDRENDERRING\DEBUG\PHYSICALBASEDRENDERRING.OBJ
E:\D3DCODE\PHYSICALBASEDRENDERRING\PHYSICALBASEDRENDERRING\DEBUG\PHYSICALBASEDRENDERRING.PCH
E:\D3DCode\PhysicalBasedRenderring\PhysicalBasedRenderring\Debug\PhysicalBasedRenderring.vcxprojResolveAssemblyReference.cache
E:\D3DCode\PhysicalBasedRenderring\PhysicalBasedRenderring\Debug\PhysicalBasedRenderring.write.1.tlog
E:\D3DCODE\PHYSICALBASEDRENDERRING\PHYSICALBASEDRENDERRING\DEBUG\RENDERSTATES.OBJ
E:\D3DCODE\PHYSICALBASEDRENDERRING\PHYSICALBASEDRENDERRING\DEBUG\SKY.OBJ
E:\D3DCODE\PHYSICALBASEDRENDERRING\PHYSICALBASEDRENDERRING\DEBUG\STDAFX.OBJ
E:\D3DCODE\PHYSICALBASEDRENDERRING\PHYSICALBASEDRENDERRING\DEBUG\TEXTUREMGR.OBJ
E:\D3DCode\PhysicalBasedRenderring\PhysicalBasedRenderring\Debug\vc100.idb
E:\D3DCODE\PHYSICALBASEDRENDERRING\PHYSICALBASEDRENDERRING\DEBUG\VC100.PDB
E:\D3DCODE\PHYSICALBASEDRENDERRING\PHYSICALBASEDRENDERRING\DEBUG\VERTEX.OBJ
E:\D3DCODE\PHYSICALBASEDRENDERRING\PHYSICALBASEDRENDERRING\DEBUG\WAVES.OBJ
E:\D3DCODE\PHYSICALBASEDRENDERRING\PHYSICALBASEDRENDERRING\DEBUG\XNACOLLISION.OBJ
E:\D3DCODE\PHYSICALBASEDRENDERRING\PHYSICALBASEDRENDERRING\FX\BRDF.FXO
E:\D3DCODE\PHYSICALBASEDRENDERRING\PHYSICALBASEDRENDERRING\FX\COMMONPASS.FXO
E:\D3DCODE\PHYSICALBASEDRENDERRING\PHYSICALBASEDRENDERRING\FX\LIGHTHELPER.FXO
E:\D3DCODE\PHYSICALBASEDRENDERRING\PHYSICALBASEDRENDERRING\FX\MATERIAL.FXO
E:\D3DCODE\PHYSICALBASEDRENDERRING\PHYSICALBASEDRENDERRING\FX\SKY.FXO
